<?xml version="1.0" encoding="UTF-8"?>
<testsuite name="Is it Friday yet?" tests="3" skipped="0" failures="0" errors="0" timestamp="2019-12-01T22:34:14" hostname="EnriquesMBP458" time="0.008">
  <properties/>
  <testcase name="Sunday isn't Friday" classname="Is it Friday yet?" time="0.003"/>
  <testcase name="Simple comparation" classname="Is it Friday yet?" time="0.002"/>
  <testcase name="Simple comparation2" classname="Is it Friday yet?" time="0.002"/>
  <system-out><![CDATA[Today is Friday
I ask whether it's Friday yet
Assert day
two number 21 1
compare 21 and 1
assert these numbers are not equals
two number 1 1
compare 1 and 1
assert these numbers are equals
]]></system-out>
  <system-err><![CDATA[]]></system-err>
</testsuite>
