<?xml version="1.0" encoding="UTF-8"?>
<testsuite name="Cortijo Web App Test" tests="1" skipped="0" failures="0" errors="0" timestamp="2019-12-01T22:34:06" hostname="EnriquesMBP458" time="7.677">
  <properties/>
  <testcase name="Test switch on/off mock" classname="Cortijo Web App Test" time="7.677"/>
  <system-out><![CDATA[]]></system-out>
  <system-err><![CDATA[Starting ChromeDriver 78.0.3904.70 (edb9c9f3de0247fd912a77b7f6cae7447f6d3ad5-refs/branch-heads/3904@{#800}) on port 15893
Only local connections are allowed.
Please protect ports used by ChromeDriver and related test frameworks to prevent access by malicious code.
Dec 01, 2019 11:34:09 PM org.openqa.selenium.remote.ProtocolHandshake createSession
INFO: Detected dialect: W3C
]]></system-err>
</testsuite>
