<?xml version="1.0" encoding="UTF-8"?>
<testsuite name="Cortijo Web App Test Auth Api" tests="1" skipped="0" failures="0" errors="0" timestamp="2019-12-02T22:48:18" hostname="Enriques-MacBook-Pro-458.local" time="11.407">
  <properties/>
  <testcase name="Create a new User" classname="Cortijo Web App Test Auth Api" time="11.407"/>
  <system-out><![CDATA[]]></system-out>
  <system-err><![CDATA[Starting ChromeDriver 78.0.3904.70 (edb9c9f3de0247fd912a77b7f6cae7447f6d3ad5-refs/branch-heads/3904@{#800}) on port 22066
Only local connections are allowed.
Please protect ports used by ChromeDriver and related test frameworks to prevent access by malicious code.
Dec 02, 2019 11:48:21 PM org.openqa.selenium.remote.ProtocolHandshake createSession
INFO: Detected dialect: W3C
]]></system-err>
</testsuite>
