<?xml version="1.0" encoding="UTF-8"?>
<testsuite name="Is it Friday yet?" tests="2" skipped="0" failures="0" errors="0" timestamp="2019-12-01T19:18:45" hostname="EnriquesMBP458" time="0.019">
  <properties/>
  <testcase name="Sunday isn't Friday" classname="Is it Friday yet?" time="0.014"/>
  <testcase name="Simple comparation" classname="Is it Friday yet?" time="0.003"/>
  <system-out><![CDATA[Today is Friday
I ask whether it's Friday yet
Assert day
two number 11 1
compare 11 and 1
assert these numbers are not equals
]]></system-out>
  <system-err><![CDATA[]]></system-err>
</testsuite>
